[2019-11-23 14:01:17,218] INFO Registered kafka:type=kafka.Log4jController MBean (kafka.utils.Log4jControllerRegistration$)
[2019-11-23 14:01:24,248] INFO Registered signal handlers for TERM, INT, HUP (org.apache.kafka.common.utils.LoggingSignalHandler)
[2019-11-23 14:01:24,249] INFO starting (kafka.server.KafkaServer)
[2019-11-23 14:01:24,251] INFO Connecting to zookeeper on zookeeper:2181 (kafka.server.KafkaServer)
[2019-11-23 14:01:24,577] INFO [ZooKeeperClient Kafka server] Initializing a new session to zookeeper:2181. (kafka.zookeeper.ZooKeeperClient)
[2019-11-23 14:01:24,603] INFO Client environment:zookeeper.version=3.4.14-4c25d480e66aadd371de8bd2fd8da255ac140bcf, built on 03/06/2019 16:18 GMT (org.apache.zookeeper.ZooKeeper)
[2019-11-23 14:01:24,603] INFO Client environment:host.name=260babd4cc51 (org.apache.zookeeper.ZooKeeper)
[2019-11-23 14:01:24,603] INFO Client environment:java.version=1.8.0_212 (org.apache.zookeeper.ZooKeeper)
[2019-11-23 14:01:24,603] INFO Client environment:java.vendor=IcedTea (org.apache.zookeeper.ZooKeeper)
[2019-11-23 14:01:24,606] INFO Client environment:java.home=/usr/lib/jvm/java-1.8-openjdk/jre (org.apache.zookeeper.ZooKeeper)
[2019-11-23 14:01:24,607] INFO Client environment:java.class.path=/opt/kafka/bin/../libs/activation-1.1.1.jar:/opt/kafka/bin/../libs/aopalliance-repackaged-2.5.0.jar:/opt/kafka/bin/../libs/argparse4j-0.7.0.jar:/opt/kafka/bin/../libs/audience-annotations-0.5.0.jar:/opt/kafka/bin/../libs/commons-lang3-3.8.1.jar:/opt/kafka/bin/../libs/connect-api-2.3.0.jar:/opt/kafka/bin/../libs/connect-basic-auth-extension-2.3.0.jar:/opt/kafka/bin/../libs/connect-file-2.3.0.jar:/opt/kafka/bin/../libs/connect-json-2.3.0.jar:/opt/kafka/bin/../libs/connect-runtime-2.3.0.jar:/opt/kafka/bin/../libs/connect-transforms-2.3.0.jar:/opt/kafka/bin/../libs/guava-20.0.jar:/opt/kafka/bin/../libs/hk2-api-2.5.0.jar:/opt/kafka/bin/../libs/hk2-locator-2.5.0.jar:/opt/kafka/bin/../libs/hk2-utils-2.5.0.jar:/opt/kafka/bin/../libs/jackson-annotations-2.9.9.jar:/opt/kafka/bin/../libs/jackson-core-2.9.9.jar:/opt/kafka/bin/../libs/jackson-databind-2.9.9.jar:/opt/kafka/bin/../libs/jackson-dataformat-csv-2.9.9.jar:/opt/kafka/bin/../libs/jackson-datatype-jdk8-2.9.9.jar:/opt/kafka/bin/../libs/jackson-jaxrs-base-2.9.9.jar:/opt/kafka/bin/../libs/jackson-jaxrs-json-provider-2.9.9.jar:/opt/kafka/bin/../libs/jackson-module-jaxb-annotations-2.9.9.jar:/opt/kafka/bin/../libs/jackson-module-paranamer-2.9.9.jar:/opt/kafka/bin/../libs/jackson-module-scala_2.12-2.9.9.jar:/opt/kafka/bin/../libs/jakarta.annotation-api-1.3.4.jar:/opt/kafka/bin/../libs/jakarta.inject-2.5.0.jar:/opt/kafka/bin/../libs/jakarta.ws.rs-api-2.1.5.jar:/opt/kafka/bin/../libs/javassist-3.22.0-CR2.jar:/opt/kafka/bin/../libs/javax.servlet-api-3.1.0.jar:/opt/kafka/bin/../libs/javax.ws.rs-api-2.1.1.jar:/opt/kafka/bin/../libs/jaxb-api-2.3.0.jar:/opt/kafka/bin/../libs/jersey-client-2.28.jar:/opt/kafka/bin/../libs/jersey-common-2.28.jar:/opt/kafka/bin/../libs/jersey-container-servlet-2.28.jar:/opt/kafka/bin/../libs/jersey-container-servlet-core-2.28.jar:/opt/kafka/bin/../libs/jersey-hk2-2.28.jar:/opt/kafka/bin/../libs/jersey-media-jaxb-2.28.jar:/opt/kafka/bin/../libs/jersey-server-2.28.jar:/opt/kafka/bin/../libs/jetty-client-9.4.18.v20190429.jar:/opt/kafka/bin/../libs/jetty-continuation-9.4.18.v20190429.jar:/opt/kafka/bin/../libs/jetty-http-9.4.18.v20190429.jar:/opt/kafka/bin/../libs/jetty-io-9.4.18.v20190429.jar:/opt/kafka/bin/../libs/jetty-security-9.4.18.v20190429.jar:/opt/kafka/bin/../libs/jetty-server-9.4.18.v20190429.jar:/opt/kafka/bin/../libs/jetty-servlet-9.4.18.v20190429.jar:/opt/kafka/bin/../libs/jetty-servlets-9.4.18.v20190429.jar:/opt/kafka/bin/../libs/jetty-util-9.4.18.v20190429.jar:/opt/kafka/bin/../libs/jopt-simple-5.0.4.jar:/opt/kafka/bin/../libs/jsr305-3.0.2.jar:/opt/kafka/bin/../libs/kafka-clients-2.3.0.jar:/opt/kafka/bin/../libs/kafka-log4j-appender-2.3.0.jar:/opt/kafka/bin/../libs/kafka-streams-2.3.0.jar:/opt/kafka/bin/../libs/kafka-streams-examples-2.3.0.jar:/opt/kafka/bin/../libs/kafka-streams-scala_2.12-2.3.0.jar:/opt/kafka/bin/../libs/kafka-streams-test-utils-2.3.0.jar:/opt/kafka/bin/../libs/kafka-tools-2.3.0.jar:/opt/kafka/bin/../libs/kafka_2.12-2.3.0-sources.jar:/opt/kafka/bin/../libs/kafka_2.12-2.3.0.jar:/opt/kafka/bin/../libs/log4j-1.2.17.jar:/opt/kafka/bin/../libs/lz4-java-1.6.0.jar:/opt/kafka/bin/../libs/maven-artifact-3.6.1.jar:/opt/kafka/bin/../libs/metrics-core-2.2.0.jar:/opt/kafka/bin/../libs/osgi-resource-locator-1.0.1.jar:/opt/kafka/bin/../libs/paranamer-2.8.jar:/opt/kafka/bin/../libs/plexus-utils-3.2.0.jar:/opt/kafka/bin/../libs/reflections-0.9.11.jar:/opt/kafka/bin/../libs/rocksdbjni-5.18.3.jar:/opt/kafka/bin/../libs/scala-library-2.12.8.jar:/opt/kafka/bin/../libs/scala-logging_2.12-3.9.0.jar:/opt/kafka/bin/../libs/scala-reflect-2.12.8.jar:/opt/kafka/bin/../libs/slf4j-api-1.7.26.jar:/opt/kafka/bin/../libs/slf4j-log4j12-1.7.26.jar:/opt/kafka/bin/../libs/snappy-java-1.1.7.3.jar:/opt/kafka/bin/../libs/spotbugs-annotations-3.1.9.jar:/opt/kafka/bin/../libs/validation-api-2.0.1.Final.jar:/opt/kafka/bin/../libs/zkclient-0.11.jar:/opt/kafka/bin/../libs/zookeeper-3.4.14.jar:/opt/kafka/bin/../libs/zstd-jni-1.4.0-1.jar (org.apache.zookeeper.ZooKeeper)
[2019-11-23 14:01:24,609] INFO Client environment:java.library.path=/usr/lib/jvm/java-1.8-openjdk/jre/lib/amd64/server:/usr/lib/jvm/java-1.8-openjdk/jre/lib/amd64:/usr/lib/jvm/java-1.8-openjdk/jre/../lib/amd64:/usr/java/packages/lib/amd64:/usr/lib64:/lib64:/lib:/usr/lib (org.apache.zookeeper.ZooKeeper)
[2019-11-23 14:01:24,610] INFO Client environment:java.io.tmpdir=/tmp (org.apache.zookeeper.ZooKeeper)
[2019-11-23 14:01:24,611] INFO Client environment:java.compiler=<NA> (org.apache.zookeeper.ZooKeeper)
[2019-11-23 14:01:24,611] INFO Client environment:os.name=Linux (org.apache.zookeeper.ZooKeeper)
[2019-11-23 14:01:24,611] INFO Client environment:os.arch=amd64 (org.apache.zookeeper.ZooKeeper)
[2019-11-23 14:01:24,611] INFO Client environment:os.version=5.0.0-36-generic (org.apache.zookeeper.ZooKeeper)
[2019-11-23 14:01:24,611] INFO Client environment:user.name=root (org.apache.zookeeper.ZooKeeper)
[2019-11-23 14:01:24,611] INFO Client environment:user.home=/root (org.apache.zookeeper.ZooKeeper)
[2019-11-23 14:01:24,611] INFO Client environment:user.dir=/ (org.apache.zookeeper.ZooKeeper)
[2019-11-23 14:01:24,618] INFO Initiating client connection, connectString=zookeeper:2181 sessionTimeout=6000 watcher=kafka.zookeeper.ZooKeeperClient$ZooKeeperClientWatcher$@2667f029 (org.apache.zookeeper.ZooKeeper)
[2019-11-23 14:01:24,852] INFO [ZooKeeperClient Kafka server] Waiting until connected. (kafka.zookeeper.ZooKeeperClient)
[2019-11-23 14:01:24,932] INFO Opening socket connection to server zookeeper/172.23.0.3:2181. Will not attempt to authenticate using SASL (unknown error) (org.apache.zookeeper.ClientCnxn)
[2019-11-23 14:01:24,982] INFO Socket connection established to zookeeper/172.23.0.3:2181, initiating session (org.apache.zookeeper.ClientCnxn)
[2019-11-23 14:01:26,286] INFO Session establishment complete on server zookeeper/172.23.0.3:2181, sessionid = 0x100021ec0510000, negotiated timeout = 6000 (org.apache.zookeeper.ClientCnxn)
[2019-11-23 14:01:26,318] INFO [ZooKeeperClient Kafka server] Connected. (kafka.zookeeper.ZooKeeperClient)
[2019-11-23 14:01:31,967] INFO Cluster ID = I1VGWclHSHG9BZj5MVTNNA (kafka.server.KafkaServer)
[2019-11-23 14:01:32,147] WARN No meta.properties file under dir /kafka/kafka-logs-260babd4cc51/meta.properties (kafka.server.BrokerMetadataCheckpoint)
[2019-11-23 14:01:33,086] INFO KafkaConfig values: 
	advertised.host.name = localhost
	advertised.listeners = null
	advertised.port = 9092
	alter.config.policy.class.name = null
	alter.log.dirs.replication.quota.window.num = 11
	alter.log.dirs.replication.quota.window.size.seconds = 1
	authorizer.class.name = 
	auto.create.topics.enable = true
	auto.leader.rebalance.enable = true
	background.threads = 10
	broker.id = -1
	broker.id.generation.enable = true
	broker.rack = null
	client.quota.callback.class = null
	compression.type = producer
	connection.failed.authentication.delay.ms = 100
	connections.max.idle.ms = 600000
	connections.max.reauth.ms = 0
	control.plane.listener.name = null
	controlled.shutdown.enable = true
	controlled.shutdown.max.retries = 3
	controlled.shutdown.retry.backoff.ms = 5000
	controller.socket.timeout.ms = 30000
	create.topic.policy.class.name = null
	default.replication.factor = 1
	delegation.token.expiry.check.interval.ms = 3600000
	delegation.token.expiry.time.ms = 86400000
	delegation.token.master.key = null
	delegation.token.max.lifetime.ms = 604800000
	delete.records.purgatory.purge.interval.requests = 1
	delete.topic.enable = true
	fetch.purgatory.purge.interval.requests = 1000
	group.initial.rebalance.delay.ms = 0
	group.max.session.timeout.ms = 1800000
	group.max.size = 2147483647
	group.min.session.timeout.ms = 6000
	host.name = 
	inter.broker.listener.name = null
	inter.broker.protocol.version = 2.3-IV1
	kafka.metrics.polling.interval.secs = 10
	kafka.metrics.reporters = []
	leader.imbalance.check.interval.seconds = 300
	leader.imbalance.per.broker.percentage = 10
	listener.security.protocol.map = PLAINTEXT:PLAINTEXT,SSL:SSL,SASL_PLAINTEXT:SASL_PLAINTEXT,SASL_SSL:SASL_SSL
	listeners = null
	log.cleaner.backoff.ms = 15000
	log.cleaner.dedupe.buffer.size = 134217728
	log.cleaner.delete.retention.ms = 86400000
	log.cleaner.enable = true
	log.cleaner.io.buffer.load.factor = 0.9
	log.cleaner.io.buffer.size = 524288
	log.cleaner.io.max.bytes.per.second = 1.7976931348623157E308
	log.cleaner.max.compaction.lag.ms = 9223372036854775807
	log.cleaner.min.cleanable.ratio = 0.5
	log.cleaner.min.compaction.lag.ms = 0
	log.cleaner.threads = 1
	log.cleanup.policy = [delete]
	log.dir = /tmp/kafka-logs
	log.dirs = /kafka/kafka-logs-260babd4cc51
	log.flush.interval.messages = 9223372036854775807
	log.flush.interval.ms = null
	log.flush.offset.checkpoint.interval.ms = 60000
	log.flush.scheduler.interval.ms = 9223372036854775807
	log.flush.start.offset.checkpoint.interval.ms = 60000
	log.index.interval.bytes = 4096
	log.index.size.max.bytes = 10485760
	log.message.downconversion.enable = true
	log.message.format.version = 2.3-IV1
	log.message.timestamp.difference.max.ms = 9223372036854775807
	log.message.timestamp.type = CreateTime
	log.preallocate = false
	log.retention.bytes = -1
	log.retention.check.interval.ms = 300000
	log.retention.hours = 168
	log.retention.minutes = null
	log.retention.ms = null
	log.roll.hours = 168
	log.roll.jitter.hours = 0
	log.roll.jitter.ms = null
	log.roll.ms = null
	log.segment.bytes = 1073741824
	log.segment.delete.delay.ms = 60000
	max.connections = 2147483647
	max.connections.per.ip = 2147483647
	max.connections.per.ip.overrides = 
	max.incremental.fetch.session.cache.slots = 1000
	message.max.bytes = 1000012
	metric.reporters = []
	metrics.num.samples = 2
	metrics.recording.level = INFO
	metrics.sample.window.ms = 30000
	min.insync.replicas = 1
	num.io.threads = 8
	num.network.threads = 3
	num.partitions = 1
	num.recovery.threads.per.data.dir = 1
	num.replica.alter.log.dirs.threads = null
	num.replica.fetchers = 1
	offset.metadata.max.bytes = 4096
	offsets.commit.required.acks = -1
	offsets.commit.timeout.ms = 5000
	offsets.load.buffer.size = 5242880
	offsets.retention.check.interval.ms = 600000
	offsets.retention.minutes = 10080
	offsets.topic.compression.codec = 0
	offsets.topic.num.partitions = 50
	offsets.topic.replication.factor = 1
	offsets.topic.segment.bytes = 104857600
	password.encoder.cipher.algorithm = AES/CBC/PKCS5Padding
	password.encoder.iterations = 4096
	password.encoder.key.length = 128
	password.encoder.keyfactory.algorithm = null
	password.encoder.old.secret = null
	password.encoder.secret = null
	port = 9092
	principal.builder.class = null
	producer.purgatory.purge.interval.requests = 1000
	queued.max.request.bytes = -1
	queued.max.requests = 500
	quota.consumer.default = 9223372036854775807
	quota.producer.default = 9223372036854775807
	quota.window.num = 11
	quota.window.size.seconds = 1
	replica.fetch.backoff.ms = 1000
	replica.fetch.max.bytes = 1048576
	replica.fetch.min.bytes = 1
	replica.fetch.response.max.bytes = 10485760
	replica.fetch.wait.max.ms = 500
	replica.high.watermark.checkpoint.interval.ms = 5000
	replica.lag.time.max.ms = 10000
	replica.socket.receive.buffer.bytes = 65536
	replica.socket.timeout.ms = 30000
	replication.quota.window.num = 11
	replication.quota.window.size.seconds = 1
	request.timeout.ms = 30000
	reserved.broker.max.id = 1000
	sasl.client.callback.handler.class = null
	sasl.enabled.mechanisms = [GSSAPI]
	sasl.jaas.config = null
	sasl.kerberos.kinit.cmd = /usr/bin/kinit
	sasl.kerberos.min.time.before.relogin = 60000
	sasl.kerberos.principal.to.local.rules = [DEFAULT]
	sasl.kerberos.service.name = null
	sasl.kerberos.ticket.renew.jitter = 0.05
	sasl.kerberos.ticket.renew.window.factor = 0.8
	sasl.login.callback.handler.class = null
	sasl.login.class = null
	sasl.login.refresh.buffer.seconds = 300
	sasl.login.refresh.min.period.seconds = 60
	sasl.login.refresh.window.factor = 0.8
	sasl.login.refresh.window.jitter = 0.05
	sasl.mechanism.inter.broker.protocol = GSSAPI
	sasl.server.callback.handler.class = null
	security.inter.broker.protocol = PLAINTEXT
	socket.receive.buffer.bytes = 102400
	socket.request.max.bytes = 104857600
	socket.send.buffer.bytes = 102400
	ssl.cipher.suites = []
	ssl.client.auth = none
	ssl.enabled.protocols = [TLSv1.2, TLSv1.1, TLSv1]
	ssl.endpoint.identification.algorithm = https
	ssl.key.password = null
	ssl.keymanager.algorithm = SunX509
	ssl.keystore.location = null
	ssl.keystore.password = null
	ssl.keystore.type = JKS
	ssl.principal.mapping.rules = [DEFAULT]
	ssl.protocol = TLS
	ssl.provider = null
	ssl.secure.random.implementation = null
	ssl.trustmanager.algorithm = PKIX
	ssl.truststore.location = null
	ssl.truststore.password = null
	ssl.truststore.type = JKS
	transaction.abort.timed.out.transaction.cleanup.interval.ms = 60000
	transaction.max.timeout.ms = 900000
	transaction.remove.expired.transaction.cleanup.interval.ms = 3600000
	transaction.state.log.load.buffer.size = 5242880
	transaction.state.log.min.isr = 1
	transaction.state.log.num.partitions = 50
	transaction.state.log.replication.factor = 1
	transaction.state.log.segment.bytes = 104857600
	transactional.id.expiration.ms = 604800000
	unclean.leader.election.enable = false
	zookeeper.connect = zookeeper:2181
	zookeeper.connection.timeout.ms = 6000
	zookeeper.max.in.flight.requests = 10
	zookeeper.session.timeout.ms = 6000
	zookeeper.set.acl = false
	zookeeper.sync.time.ms = 2000
 (kafka.server.KafkaConfig)
[2019-11-23 14:01:33,121] INFO KafkaConfig values: 
	advertised.host.name = localhost
	advertised.listeners = null
	advertised.port = 9092
	alter.config.policy.class.name = null
	alter.log.dirs.replication.quota.window.num = 11
	alter.log.dirs.replication.quota.window.size.seconds = 1
	authorizer.class.name = 
	auto.create.topics.enable = true
	auto.leader.rebalance.enable = true
	background.threads = 10
	broker.id = -1
	broker.id.generation.enable = true
	broker.rack = null
	client.quota.callback.class = null
	compression.type = producer
	connection.failed.authentication.delay.ms = 100
	connections.max.idle.ms = 600000
	connections.max.reauth.ms = 0
	control.plane.listener.name = null
	controlled.shutdown.enable = true
	controlled.shutdown.max.retries = 3
	controlled.shutdown.retry.backoff.ms = 5000
	controller.socket.timeout.ms = 30000
	create.topic.policy.class.name = null
	default.replication.factor = 1
	delegation.token.expiry.check.interval.ms = 3600000
	delegation.token.expiry.time.ms = 86400000
	delegation.token.master.key = null
	delegation.token.max.lifetime.ms = 604800000
	delete.records.purgatory.purge.interval.requests = 1
	delete.topic.enable = true
	fetch.purgatory.purge.interval.requests = 1000
	group.initial.rebalance.delay.ms = 0
	group.max.session.timeout.ms = 1800000
	group.max.size = 2147483647
	group.min.session.timeout.ms = 6000
	host.name = 
	inter.broker.listener.name = null
	inter.broker.protocol.version = 2.3-IV1
	kafka.metrics.polling.interval.secs = 10
	kafka.metrics.reporters = []
	leader.imbalance.check.interval.seconds = 300
	leader.imbalance.per.broker.percentage = 10
	listener.security.protocol.map = PLAINTEXT:PLAINTEXT,SSL:SSL,SASL_PLAINTEXT:SASL_PLAINTEXT,SASL_SSL:SASL_SSL
	listeners = null
	log.cleaner.backoff.ms = 15000
	log.cleaner.dedupe.buffer.size = 134217728
	log.cleaner.delete.retention.ms = 86400000
	log.cleaner.enable = true
	log.cleaner.io.buffer.load.factor = 0.9
	log.cleaner.io.buffer.size = 524288
	log.cleaner.io.max.bytes.per.second = 1.7976931348623157E308
	log.cleaner.max.compaction.lag.ms = 9223372036854775807
	log.cleaner.min.cleanable.ratio = 0.5
	log.cleaner.min.compaction.lag.ms = 0
	log.cleaner.threads = 1
	log.cleanup.policy = [delete]
	log.dir = /tmp/kafka-logs
	log.dirs = /kafka/kafka-logs-260babd4cc51
	log.flush.interval.messages = 9223372036854775807
	log.flush.interval.ms = null
	log.flush.offset.checkpoint.interval.ms = 60000
	log.flush.scheduler.interval.ms = 9223372036854775807
	log.flush.start.offset.checkpoint.interval.ms = 60000
	log.index.interval.bytes = 4096
	log.index.size.max.bytes = 10485760
	log.message.downconversion.enable = true
	log.message.format.version = 2.3-IV1
	log.message.timestamp.difference.max.ms = 9223372036854775807
	log.message.timestamp.type = CreateTime
	log.preallocate = false
	log.retention.bytes = -1
	log.retention.check.interval.ms = 300000
	log.retention.hours = 168
	log.retention.minutes = null
	log.retention.ms = null
	log.roll.hours = 168
	log.roll.jitter.hours = 0
	log.roll.jitter.ms = null
	log.roll.ms = null
	log.segment.bytes = 1073741824
	log.segment.delete.delay.ms = 60000
	max.connections = 2147483647
	max.connections.per.ip = 2147483647
	max.connections.per.ip.overrides = 
	max.incremental.fetch.session.cache.slots = 1000
	message.max.bytes = 1000012
	metric.reporters = []
	metrics.num.samples = 2
	metrics.recording.level = INFO
	metrics.sample.window.ms = 30000
	min.insync.replicas = 1
	num.io.threads = 8
	num.network.threads = 3
	num.partitions = 1
	num.recovery.threads.per.data.dir = 1
	num.replica.alter.log.dirs.threads = null
	num.replica.fetchers = 1
	offset.metadata.max.bytes = 4096
	offsets.commit.required.acks = -1
	offsets.commit.timeout.ms = 5000
	offsets.load.buffer.size = 5242880
	offsets.retention.check.interval.ms = 600000
	offsets.retention.minutes = 10080
	offsets.topic.compression.codec = 0
	offsets.topic.num.partitions = 50
	offsets.topic.replication.factor = 1
	offsets.topic.segment.bytes = 104857600
	password.encoder.cipher.algorithm = AES/CBC/PKCS5Padding
	password.encoder.iterations = 4096
	password.encoder.key.length = 128
	password.encoder.keyfactory.algorithm = null
	password.encoder.old.secret = null
	password.encoder.secret = null
	port = 9092
	principal.builder.class = null
	producer.purgatory.purge.interval.requests = 1000
	queued.max.request.bytes = -1
	queued.max.requests = 500
	quota.consumer.default = 9223372036854775807
	quota.producer.default = 9223372036854775807
	quota.window.num = 11
	quota.window.size.seconds = 1
	replica.fetch.backoff.ms = 1000
	replica.fetch.max.bytes = 1048576
	replica.fetch.min.bytes = 1
	replica.fetch.response.max.bytes = 10485760
	replica.fetch.wait.max.ms = 500
	replica.high.watermark.checkpoint.interval.ms = 5000
	replica.lag.time.max.ms = 10000
	replica.socket.receive.buffer.bytes = 65536
	replica.socket.timeout.ms = 30000
	replication.quota.window.num = 11
	replication.quota.window.size.seconds = 1
	request.timeout.ms = 30000
	reserved.broker.max.id = 1000
	sasl.client.callback.handler.class = null
	sasl.enabled.mechanisms = [GSSAPI]
	sasl.jaas.config = null
	sasl.kerberos.kinit.cmd = /usr/bin/kinit
	sasl.kerberos.min.time.before.relogin = 60000
	sasl.kerberos.principal.to.local.rules = [DEFAULT]
	sasl.kerberos.service.name = null
	sasl.kerberos.ticket.renew.jitter = 0.05
	sasl.kerberos.ticket.renew.window.factor = 0.8
	sasl.login.callback.handler.class = null
	sasl.login.class = null
	sasl.login.refresh.buffer.seconds = 300
	sasl.login.refresh.min.period.seconds = 60
	sasl.login.refresh.window.factor = 0.8
	sasl.login.refresh.window.jitter = 0.05
	sasl.mechanism.inter.broker.protocol = GSSAPI
	sasl.server.callback.handler.class = null
	security.inter.broker.protocol = PLAINTEXT
	socket.receive.buffer.bytes = 102400
	socket.request.max.bytes = 104857600
	socket.send.buffer.bytes = 102400
	ssl.cipher.suites = []
	ssl.client.auth = none
	ssl.enabled.protocols = [TLSv1.2, TLSv1.1, TLSv1]
	ssl.endpoint.identification.algorithm = https
	ssl.key.password = null
	ssl.keymanager.algorithm = SunX509
	ssl.keystore.location = null
	ssl.keystore.password = null
	ssl.keystore.type = JKS
	ssl.principal.mapping.rules = [DEFAULT]
	ssl.protocol = TLS
	ssl.provider = null
	ssl.secure.random.implementation = null
	ssl.trustmanager.algorithm = PKIX
	ssl.truststore.location = null
	ssl.truststore.password = null
	ssl.truststore.type = JKS
	transaction.abort.timed.out.transaction.cleanup.interval.ms = 60000
	transaction.max.timeout.ms = 900000
	transaction.remove.expired.transaction.cleanup.interval.ms = 3600000
	transaction.state.log.load.buffer.size = 5242880
	transaction.state.log.min.isr = 1
	transaction.state.log.num.partitions = 50
	transaction.state.log.replication.factor = 1
	transaction.state.log.segment.bytes = 104857600
	transactional.id.expiration.ms = 604800000
	unclean.leader.election.enable = false
	zookeeper.connect = zookeeper:2181
	zookeeper.connection.timeout.ms = 6000
	zookeeper.max.in.flight.requests = 10
	zookeeper.session.timeout.ms = 6000
	zookeeper.set.acl = false
	zookeeper.sync.time.ms = 2000
 (kafka.server.KafkaConfig)
[2019-11-23 14:01:33,468] INFO [ThrottledChannelReaper-Fetch]: Starting (kafka.server.ClientQuotaManager$ThrottledChannelReaper)
[2019-11-23 14:01:33,468] INFO [ThrottledChannelReaper-Request]: Starting (kafka.server.ClientQuotaManager$ThrottledChannelReaper)
[2019-11-23 14:01:33,468] INFO [ThrottledChannelReaper-Produce]: Starting (kafka.server.ClientQuotaManager$ThrottledChannelReaper)
[2019-11-23 14:01:33,592] INFO Log directory /kafka/kafka-logs-260babd4cc51 not found, creating it. (kafka.log.LogManager)
[2019-11-23 14:01:33,694] INFO Loading logs. (kafka.log.LogManager)
[2019-11-23 14:01:33,721] INFO Logs loading complete in 27 ms. (kafka.log.LogManager)
[2019-11-23 14:01:33,798] INFO Starting log cleanup with a period of 300000 ms. (kafka.log.LogManager)
[2019-11-23 14:01:33,806] INFO Starting log flusher with a default period of 9223372036854775807 ms. (kafka.log.LogManager)
[2019-11-23 14:01:35,773] INFO Awaiting socket connections on 0.0.0.0:9092. (kafka.network.Acceptor)
[2019-11-23 14:01:35,922] INFO [SocketServer brokerId=1002] Created data-plane acceptor and processors for endpoint : EndPoint(null,9092,ListenerName(PLAINTEXT),PLAINTEXT) (kafka.network.SocketServer)
[2019-11-23 14:01:35,931] INFO [SocketServer brokerId=1002] Started 1 acceptor threads for data-plane (kafka.network.SocketServer)
[2019-11-23 14:01:36,123] INFO [ExpirationReaper-1002-DeleteRecords]: Starting (kafka.server.DelayedOperationPurgatory$ExpiredOperationReaper)
[2019-11-23 14:01:36,124] INFO [ExpirationReaper-1002-Fetch]: Starting (kafka.server.DelayedOperationPurgatory$ExpiredOperationReaper)
[2019-11-23 14:01:36,124] INFO [ExpirationReaper-1002-Produce]: Starting (kafka.server.DelayedOperationPurgatory$ExpiredOperationReaper)
[2019-11-23 14:01:36,125] INFO [ExpirationReaper-1002-ElectPreferredLeader]: Starting (kafka.server.DelayedOperationPurgatory$ExpiredOperationReaper)
[2019-11-23 14:01:36,189] INFO [LogDirFailureHandler]: Starting (kafka.server.ReplicaManager$LogDirFailureHandler)
[2019-11-23 14:01:36,422] INFO Creating /brokers/ids/1002 (is it secure? false) (kafka.zk.KafkaZkClient)
[2019-11-23 14:01:36,707] INFO Stat of the created znode at /brokers/ids/1002 is: 236,236,1574517696605,1574517696605,1,0,0,72059925136736256,188,0,236
 (kafka.zk.KafkaZkClient)
[2019-11-23 14:01:36,712] INFO Registered broker 1002 at path /brokers/ids/1002 with addresses: ArrayBuffer(EndPoint(localhost,9092,ListenerName(PLAINTEXT),PLAINTEXT)), czxid (broker epoch): 236 (kafka.zk.KafkaZkClient)
[2019-11-23 14:01:36,717] WARN No meta.properties file under dir /kafka/kafka-logs-260babd4cc51/meta.properties (kafka.server.BrokerMetadataCheckpoint)
[2019-11-23 14:01:37,101] INFO [ExpirationReaper-1002-topic]: Starting (kafka.server.DelayedOperationPurgatory$ExpiredOperationReaper)
[2019-11-23 14:01:37,217] INFO [ExpirationReaper-1002-Heartbeat]: Starting (kafka.server.DelayedOperationPurgatory$ExpiredOperationReaper)
[2019-11-23 14:01:37,220] INFO [ExpirationReaper-1002-Rebalance]: Starting (kafka.server.DelayedOperationPurgatory$ExpiredOperationReaper)
[2019-11-23 14:01:37,297] INFO [GroupCoordinator 1002]: Starting up. (kafka.coordinator.group.GroupCoordinator)
[2019-11-23 14:01:37,300] INFO [GroupCoordinator 1002]: Startup complete. (kafka.coordinator.group.GroupCoordinator)
[2019-11-23 14:01:37,306] INFO [GroupMetadataManager brokerId=1002] Removed 0 expired offsets in 7 milliseconds. (kafka.coordinator.group.GroupMetadataManager)
[2019-11-23 14:01:37,418] INFO [ProducerId Manager 1002]: Acquired new producerId block (brokerId:1002,blockStartProducerId:5000,blockEndProducerId:5999) by writing to Zk with path version 6 (kafka.coordinator.transaction.ProducerIdManager)
[2019-11-23 14:01:37,563] INFO [TransactionCoordinator id=1002] Starting up. (kafka.coordinator.transaction.TransactionCoordinator)
[2019-11-23 14:01:37,565] INFO [TransactionCoordinator id=1002] Startup complete. (kafka.coordinator.transaction.TransactionCoordinator)
[2019-11-23 14:01:37,568] INFO [Transaction Marker Channel Manager 1002]: Starting (kafka.coordinator.transaction.TransactionMarkerChannelManager)
[2019-11-23 14:01:37,874] INFO [/config/changes-event-process-thread]: Starting (kafka.common.ZkNodeChangeNotificationListener$ChangeEventProcessThread)
[2019-11-23 14:01:38,117] INFO [SocketServer brokerId=1002] Started data-plane processors for 1 acceptors (kafka.network.SocketServer)
[2019-11-23 14:01:38,200] INFO Kafka version: 2.3.0 (org.apache.kafka.common.utils.AppInfoParser)
[2019-11-23 14:01:38,200] INFO Kafka commitId: fc1aaa116b661c8a (org.apache.kafka.common.utils.AppInfoParser)
[2019-11-23 14:01:38,201] INFO Kafka startTimeMs: 1574517698122 (org.apache.kafka.common.utils.AppInfoParser)
[2019-11-23 14:01:38,217] INFO [KafkaServer id=1002] started (kafka.server.KafkaServer)
[2019-11-23 14:11:37,298] INFO [GroupMetadataManager brokerId=1002] Removed 0 expired offsets in 0 milliseconds. (kafka.coordinator.group.GroupMetadataManager)
[2019-11-23 14:12:12,555] INFO Terminating process due to signal SIGTERM (org.apache.kafka.common.utils.LoggingSignalHandler)
[2019-11-23 14:12:12,949] INFO [KafkaServer id=1002] shutting down (kafka.server.KafkaServer)
[2019-11-23 14:12:13,032] INFO [KafkaServer id=1002] Starting controlled shutdown (kafka.server.KafkaServer)
[2019-11-23 14:12:13,673] INFO [KafkaServer id=1002] Controlled shutdown succeeded (kafka.server.KafkaServer)
[2019-11-23 14:12:13,742] INFO [/config/changes-event-process-thread]: Shutting down (kafka.common.ZkNodeChangeNotificationListener$ChangeEventProcessThread)
[2019-11-23 14:12:13,743] INFO [/config/changes-event-process-thread]: Stopped (kafka.common.ZkNodeChangeNotificationListener$ChangeEventProcessThread)
[2019-11-23 14:12:13,743] INFO [/config/changes-event-process-thread]: Shutdown completed (kafka.common.ZkNodeChangeNotificationListener$ChangeEventProcessThread)
[2019-11-23 14:12:13,744] INFO [SocketServer brokerId=1002] Stopping socket server request processors (kafka.network.SocketServer)
[2019-11-23 14:12:13,758] INFO [SocketServer brokerId=1002] Stopped socket server request processors (kafka.network.SocketServer)
[2019-11-23 14:12:13,760] INFO [data-plane Kafka Request Handler on Broker 1002], shutting down (kafka.server.KafkaRequestHandlerPool)
[2019-11-23 14:12:13,763] INFO [data-plane Kafka Request Handler on Broker 1002], shut down completely (kafka.server.KafkaRequestHandlerPool)
[2019-11-23 14:12:13,766] INFO [KafkaApi-1002] Shutdown complete. (kafka.server.KafkaApis)
[2019-11-23 14:12:13,768] INFO [ExpirationReaper-1002-topic]: Shutting down (kafka.server.DelayedOperationPurgatory$ExpiredOperationReaper)
[2019-11-23 14:12:13,770] INFO [ExpirationReaper-1002-topic]: Stopped (kafka.server.DelayedOperationPurgatory$ExpiredOperationReaper)
[2019-11-23 14:12:13,770] INFO [ExpirationReaper-1002-topic]: Shutdown completed (kafka.server.DelayedOperationPurgatory$ExpiredOperationReaper)
[2019-11-23 14:12:13,773] INFO [TransactionCoordinator id=1002] Shutting down. (kafka.coordinator.transaction.TransactionCoordinator)
[2019-11-23 14:12:13,774] INFO [ProducerId Manager 1002]: Shutdown complete: last producerId assigned 5000 (kafka.coordinator.transaction.ProducerIdManager)
[2019-11-23 14:12:13,775] INFO [Transaction State Manager 1002]: Shutdown complete (kafka.coordinator.transaction.TransactionStateManager)
[2019-11-23 14:12:13,775] INFO [Transaction Marker Channel Manager 1002]: Shutting down (kafka.coordinator.transaction.TransactionMarkerChannelManager)
[2019-11-23 14:12:13,777] INFO [Transaction Marker Channel Manager 1002]: Stopped (kafka.coordinator.transaction.TransactionMarkerChannelManager)
[2019-11-23 14:12:13,777] INFO [Transaction Marker Channel Manager 1002]: Shutdown completed (kafka.coordinator.transaction.TransactionMarkerChannelManager)
[2019-11-23 14:12:13,778] INFO [TransactionCoordinator id=1002] Shutdown complete. (kafka.coordinator.transaction.TransactionCoordinator)
[2019-11-23 14:12:13,779] INFO [GroupCoordinator 1002]: Shutting down. (kafka.coordinator.group.GroupCoordinator)
[2019-11-23 14:12:13,782] INFO [ExpirationReaper-1002-Heartbeat]: Shutting down (kafka.server.DelayedOperationPurgatory$ExpiredOperationReaper)
[2019-11-23 14:12:13,926] INFO [ExpirationReaper-1002-Heartbeat]: Stopped (kafka.server.DelayedOperationPurgatory$ExpiredOperationReaper)
[2019-11-23 14:12:13,926] INFO [ExpirationReaper-1002-Heartbeat]: Shutdown completed (kafka.server.DelayedOperationPurgatory$ExpiredOperationReaper)
[2019-11-23 14:12:13,926] INFO [ExpirationReaper-1002-Rebalance]: Shutting down (kafka.server.DelayedOperationPurgatory$ExpiredOperationReaper)
[2019-11-23 14:12:14,110] INFO [ExpirationReaper-1002-Rebalance]: Stopped (kafka.server.DelayedOperationPurgatory$ExpiredOperationReaper)
[2019-11-23 14:12:14,112] INFO [ExpirationReaper-1002-Rebalance]: Shutdown completed (kafka.server.DelayedOperationPurgatory$ExpiredOperationReaper)
[2019-11-23 14:12:14,114] INFO [GroupCoordinator 1002]: Shutdown complete. (kafka.coordinator.group.GroupCoordinator)
[2019-11-23 14:12:14,116] INFO [ReplicaManager broker=1002] Shutting down (kafka.server.ReplicaManager)
[2019-11-23 14:12:14,118] INFO [LogDirFailureHandler]: Shutting down (kafka.server.ReplicaManager$LogDirFailureHandler)
[2019-11-23 14:12:14,120] INFO [LogDirFailureHandler]: Stopped (kafka.server.ReplicaManager$LogDirFailureHandler)
[2019-11-23 14:12:14,120] INFO [LogDirFailureHandler]: Shutdown completed (kafka.server.ReplicaManager$LogDirFailureHandler)
[2019-11-23 14:12:14,122] INFO [ReplicaFetcherManager on broker 1002] shutting down (kafka.server.ReplicaFetcherManager)
[2019-11-23 14:12:14,124] INFO [ReplicaFetcherManager on broker 1002] shutdown completed (kafka.server.ReplicaFetcherManager)
[2019-11-23 14:12:14,125] INFO [ReplicaAlterLogDirsManager on broker 1002] shutting down (kafka.server.ReplicaAlterLogDirsManager)
[2019-11-23 14:12:14,125] INFO [ReplicaAlterLogDirsManager on broker 1002] shutdown completed (kafka.server.ReplicaAlterLogDirsManager)
[2019-11-23 14:12:14,125] INFO [ExpirationReaper-1002-Fetch]: Shutting down (kafka.server.DelayedOperationPurgatory$ExpiredOperationReaper)
[2019-11-23 14:12:14,310] INFO [ExpirationReaper-1002-Fetch]: Stopped (kafka.server.DelayedOperationPurgatory$ExpiredOperationReaper)
[2019-11-23 14:12:14,312] INFO [ExpirationReaper-1002-Fetch]: Shutdown completed (kafka.server.DelayedOperationPurgatory$ExpiredOperationReaper)
[2019-11-23 14:12:14,313] INFO [ExpirationReaper-1002-Produce]: Shutting down (kafka.server.DelayedOperationPurgatory$ExpiredOperationReaper)
[2019-11-23 14:12:14,509] INFO [ExpirationReaper-1002-Produce]: Stopped (kafka.server.DelayedOperationPurgatory$ExpiredOperationReaper)
[2019-11-23 14:12:14,509] INFO [ExpirationReaper-1002-Produce]: Shutdown completed (kafka.server.DelayedOperationPurgatory$ExpiredOperationReaper)
[2019-11-23 14:12:14,510] INFO [ExpirationReaper-1002-DeleteRecords]: Shutting down (kafka.server.DelayedOperationPurgatory$ExpiredOperationReaper)
[2019-11-23 14:12:14,708] INFO [ExpirationReaper-1002-DeleteRecords]: Stopped (kafka.server.DelayedOperationPurgatory$ExpiredOperationReaper)
[2019-11-23 14:12:14,708] INFO [ExpirationReaper-1002-DeleteRecords]: Shutdown completed (kafka.server.DelayedOperationPurgatory$ExpiredOperationReaper)
[2019-11-23 14:12:14,709] INFO [ExpirationReaper-1002-ElectPreferredLeader]: Shutting down (kafka.server.DelayedOperationPurgatory$ExpiredOperationReaper)
[2019-11-23 14:12:14,790] INFO [ExpirationReaper-1002-ElectPreferredLeader]: Stopped (kafka.server.DelayedOperationPurgatory$ExpiredOperationReaper)
[2019-11-23 14:12:14,790] INFO [ExpirationReaper-1002-ElectPreferredLeader]: Shutdown completed (kafka.server.DelayedOperationPurgatory$ExpiredOperationReaper)
[2019-11-23 14:12:14,841] INFO [ReplicaManager broker=1002] Shut down completely (kafka.server.ReplicaManager)
[2019-11-23 14:12:14,842] INFO Shutting down. (kafka.log.LogManager)
[2019-11-23 14:12:16,409] INFO Shutdown complete. (kafka.log.LogManager)
[2019-11-23 14:12:16,817] INFO [ZooKeeperClient Kafka server] Closing. (kafka.zookeeper.ZooKeeperClient)
[2019-11-23 14:12:19,102] INFO Session: 0x100021ec0510000 closed (org.apache.zookeeper.ZooKeeper)
[2019-11-23 14:12:19,106] INFO EventThread shut down for session: 0x100021ec0510000 (org.apache.zookeeper.ClientCnxn)
[2019-11-23 14:12:19,112] INFO [ZooKeeperClient Kafka server] Closed. (kafka.zookeeper.ZooKeeperClient)
[2019-11-23 14:12:19,114] INFO [ThrottledChannelReaper-Fetch]: Shutting down (kafka.server.ClientQuotaManager$ThrottledChannelReaper)
[2019-11-23 14:12:19,558] INFO [ThrottledChannelReaper-Fetch]: Stopped (kafka.server.ClientQuotaManager$ThrottledChannelReaper)
[2019-11-23 14:12:19,558] INFO [ThrottledChannelReaper-Fetch]: Shutdown completed (kafka.server.ClientQuotaManager$ThrottledChannelReaper)
[2019-11-23 14:12:19,559] INFO [ThrottledChannelReaper-Produce]: Shutting down (kafka.server.ClientQuotaManager$ThrottledChannelReaper)
[2019-11-23 14:12:19,561] INFO [ThrottledChannelReaper-Produce]: Stopped (kafka.server.ClientQuotaManager$ThrottledChannelReaper)
[2019-11-23 14:12:19,561] INFO [ThrottledChannelReaper-Produce]: Shutdown completed (kafka.server.ClientQuotaManager$ThrottledChannelReaper)
[2019-11-23 14:12:19,562] INFO [ThrottledChannelReaper-Request]: Shutting down (kafka.server.ClientQuotaManager$ThrottledChannelReaper)
[2019-11-23 14:12:20,562] INFO [ThrottledChannelReaper-Request]: Shutdown completed (kafka.server.ClientQuotaManager$ThrottledChannelReaper)
[2019-11-23 14:12:20,562] INFO [ThrottledChannelReaper-Request]: Stopped (kafka.server.ClientQuotaManager$ThrottledChannelReaper)
[2019-11-23 14:12:20,569] INFO [SocketServer brokerId=1002] Shutting down socket server (kafka.network.SocketServer)
[2019-11-23 14:12:20,674] INFO [SocketServer brokerId=1002] Shutdown completed (kafka.network.SocketServer)
[2019-11-23 14:12:20,678] INFO [KafkaServer id=1002] shut down completed (kafka.server.KafkaServer)
[2019-11-23 14:14:46,881] INFO Registered kafka:type=kafka.Log4jController MBean (kafka.utils.Log4jControllerRegistration$)
[2019-11-23 14:14:53,660] INFO Registered signal handlers for TERM, INT, HUP (org.apache.kafka.common.utils.LoggingSignalHandler)
[2019-11-23 14:14:53,661] INFO starting (kafka.server.KafkaServer)
[2019-11-23 14:14:53,663] INFO Connecting to zookeeper on zookeeper:2181 (kafka.server.KafkaServer)
[2019-11-23 14:14:54,003] INFO [ZooKeeperClient Kafka server] Initializing a new session to zookeeper:2181. (kafka.zookeeper.ZooKeeperClient)
[2019-11-23 14:14:54,036] INFO Client environment:zookeeper.version=3.4.14-4c25d480e66aadd371de8bd2fd8da255ac140bcf, built on 03/06/2019 16:18 GMT (org.apache.zookeeper.ZooKeeper)
[2019-11-23 14:14:54,037] INFO Client environment:host.name=260babd4cc51 (org.apache.zookeeper.ZooKeeper)
[2019-11-23 14:14:54,037] INFO Client environment:java.version=1.8.0_212 (org.apache.zookeeper.ZooKeeper)
[2019-11-23 14:14:54,037] INFO Client environment:java.vendor=IcedTea (org.apache.zookeeper.ZooKeeper)
[2019-11-23 14:14:54,037] INFO Client environment:java.home=/usr/lib/jvm/java-1.8-openjdk/jre (org.apache.zookeeper.ZooKeeper)
[2019-11-23 14:14:54,037] INFO Client environment:java.class.path=/opt/kafka/bin/../libs/activation-1.1.1.jar:/opt/kafka/bin/../libs/aopalliance-repackaged-2.5.0.jar:/opt/kafka/bin/../libs/argparse4j-0.7.0.jar:/opt/kafka/bin/../libs/audience-annotations-0.5.0.jar:/opt/kafka/bin/../libs/commons-lang3-3.8.1.jar:/opt/kafka/bin/../libs/connect-api-2.3.0.jar:/opt/kafka/bin/../libs/connect-basic-auth-extension-2.3.0.jar:/opt/kafka/bin/../libs/connect-file-2.3.0.jar:/opt/kafka/bin/../libs/connect-json-2.3.0.jar:/opt/kafka/bin/../libs/connect-runtime-2.3.0.jar:/opt/kafka/bin/../libs/connect-transforms-2.3.0.jar:/opt/kafka/bin/../libs/guava-20.0.jar:/opt/kafka/bin/../libs/hk2-api-2.5.0.jar:/opt/kafka/bin/../libs/hk2-locator-2.5.0.jar:/opt/kafka/bin/../libs/hk2-utils-2.5.0.jar:/opt/kafka/bin/../libs/jackson-annotations-2.9.9.jar:/opt/kafka/bin/../libs/jackson-core-2.9.9.jar:/opt/kafka/bin/../libs/jackson-databind-2.9.9.jar:/opt/kafka/bin/../libs/jackson-dataformat-csv-2.9.9.jar:/opt/kafka/bin/../libs/jackson-datatype-jdk8-2.9.9.jar:/opt/kafka/bin/../libs/jackson-jaxrs-base-2.9.9.jar:/opt/kafka/bin/../libs/jackson-jaxrs-json-provider-2.9.9.jar:/opt/kafka/bin/../libs/jackson-module-jaxb-annotations-2.9.9.jar:/opt/kafka/bin/../libs/jackson-module-paranamer-2.9.9.jar:/opt/kafka/bin/../libs/jackson-module-scala_2.12-2.9.9.jar:/opt/kafka/bin/../libs/jakarta.annotation-api-1.3.4.jar:/opt/kafka/bin/../libs/jakarta.inject-2.5.0.jar:/opt/kafka/bin/../libs/jakarta.ws.rs-api-2.1.5.jar:/opt/kafka/bin/../libs/javassist-3.22.0-CR2.jar:/opt/kafka/bin/../libs/javax.servlet-api-3.1.0.jar:/opt/kafka/bin/../libs/javax.ws.rs-api-2.1.1.jar:/opt/kafka/bin/../libs/jaxb-api-2.3.0.jar:/opt/kafka/bin/../libs/jersey-client-2.28.jar:/opt/kafka/bin/../libs/jersey-common-2.28.jar:/opt/kafka/bin/../libs/jersey-container-servlet-2.28.jar:/opt/kafka/bin/../libs/jersey-container-servlet-core-2.28.jar:/opt/kafka/bin/../libs/jersey-hk2-2.28.jar:/opt/kafka/bin/../libs/jersey-media-jaxb-2.28.jar:/opt/kafka/bin/../libs/jersey-server-2.28.jar:/opt/kafka/bin/../libs/jetty-client-9.4.18.v20190429.jar:/opt/kafka/bin/../libs/jetty-continuation-9.4.18.v20190429.jar:/opt/kafka/bin/../libs/jetty-http-9.4.18.v20190429.jar:/opt/kafka/bin/../libs/jetty-io-9.4.18.v20190429.jar:/opt/kafka/bin/../libs/jetty-security-9.4.18.v20190429.jar:/opt/kafka/bin/../libs/jetty-server-9.4.18.v20190429.jar:/opt/kafka/bin/../libs/jetty-servlet-9.4.18.v20190429.jar:/opt/kafka/bin/../libs/jetty-servlets-9.4.18.v20190429.jar:/opt/kafka/bin/../libs/jetty-util-9.4.18.v20190429.jar:/opt/kafka/bin/../libs/jopt-simple-5.0.4.jar:/opt/kafka/bin/../libs/jsr305-3.0.2.jar:/opt/kafka/bin/../libs/kafka-clients-2.3.0.jar:/opt/kafka/bin/../libs/kafka-log4j-appender-2.3.0.jar:/opt/kafka/bin/../libs/kafka-streams-2.3.0.jar:/opt/kafka/bin/../libs/kafka-streams-examples-2.3.0.jar:/opt/kafka/bin/../libs/kafka-streams-scala_2.12-2.3.0.jar:/opt/kafka/bin/../libs/kafka-streams-test-utils-2.3.0.jar:/opt/kafka/bin/../libs/kafka-tools-2.3.0.jar:/opt/kafka/bin/../libs/kafka_2.12-2.3.0-sources.jar:/opt/kafka/bin/../libs/kafka_2.12-2.3.0.jar:/opt/kafka/bin/../libs/log4j-1.2.17.jar:/opt/kafka/bin/../libs/lz4-java-1.6.0.jar:/opt/kafka/bin/../libs/maven-artifact-3.6.1.jar:/opt/kafka/bin/../libs/metrics-core-2.2.0.jar:/opt/kafka/bin/../libs/osgi-resource-locator-1.0.1.jar:/opt/kafka/bin/../libs/paranamer-2.8.jar:/opt/kafka/bin/../libs/plexus-utils-3.2.0.jar:/opt/kafka/bin/../libs/reflections-0.9.11.jar:/opt/kafka/bin/../libs/rocksdbjni-5.18.3.jar:/opt/kafka/bin/../libs/scala-library-2.12.8.jar:/opt/kafka/bin/../libs/scala-logging_2.12-3.9.0.jar:/opt/kafka/bin/../libs/scala-reflect-2.12.8.jar:/opt/kafka/bin/../libs/slf4j-api-1.7.26.jar:/opt/kafka/bin/../libs/slf4j-log4j12-1.7.26.jar:/opt/kafka/bin/../libs/snappy-java-1.1.7.3.jar:/opt/kafka/bin/../libs/spotbugs-annotations-3.1.9.jar:/opt/kafka/bin/../libs/validation-api-2.0.1.Final.jar:/opt/kafka/bin/../libs/zkclient-0.11.jar:/opt/kafka/bin/../libs/zookeeper-3.4.14.jar:/opt/kafka/bin/../libs/zstd-jni-1.4.0-1.jar (org.apache.zookeeper.ZooKeeper)
[2019-11-23 14:14:54,039] INFO Client environment:java.library.path=/usr/lib/jvm/java-1.8-openjdk/jre/lib/amd64/server:/usr/lib/jvm/java-1.8-openjdk/jre/lib/amd64:/usr/lib/jvm/java-1.8-openjdk/jre/../lib/amd64:/usr/java/packages/lib/amd64:/usr/lib64:/lib64:/lib:/usr/lib (org.apache.zookeeper.ZooKeeper)
[2019-11-23 14:14:54,039] INFO Client environment:java.io.tmpdir=/tmp (org.apache.zookeeper.ZooKeeper)
[2019-11-23 14:14:54,039] INFO Client environment:java.compiler=<NA> (org.apache.zookeeper.ZooKeeper)
[2019-11-23 14:14:54,039] INFO Client environment:os.name=Linux (org.apache.zookeeper.ZooKeeper)
[2019-11-23 14:14:54,040] INFO Client environment:os.arch=amd64 (org.apache.zookeeper.ZooKeeper)
[2019-11-23 14:14:54,041] INFO Client environment:os.version=5.0.0-36-generic (org.apache.zookeeper.ZooKeeper)
[2019-11-23 14:14:54,041] INFO Client environment:user.name=root (org.apache.zookeeper.ZooKeeper)
[2019-11-23 14:14:54,041] INFO Client environment:user.home=/root (org.apache.zookeeper.ZooKeeper)
[2019-11-23 14:14:54,041] INFO Client environment:user.dir=/ (org.apache.zookeeper.ZooKeeper)
[2019-11-23 14:14:54,043] INFO Initiating client connection, connectString=zookeeper:2181 sessionTimeout=6000 watcher=kafka.zookeeper.ZooKeeperClient$ZooKeeperClientWatcher$@2667f029 (org.apache.zookeeper.ZooKeeper)
[2019-11-23 14:14:54,220] INFO [ZooKeeperClient Kafka server] Waiting until connected. (kafka.zookeeper.ZooKeeperClient)
[2019-11-23 14:14:54,256] INFO Opening socket connection to server zookeeper/172.23.0.2:2181. Will not attempt to authenticate using SASL (unknown error) (org.apache.zookeeper.ClientCnxn)
[2019-11-23 14:14:54,294] INFO Socket connection established to zookeeper/172.23.0.2:2181, initiating session (org.apache.zookeeper.ClientCnxn)
[2019-11-23 14:14:54,409] INFO Session establishment complete on server zookeeper/172.23.0.2:2181, sessionid = 0x100022ae0d80000, negotiated timeout = 6000 (org.apache.zookeeper.ClientCnxn)
[2019-11-23 14:14:54,522] INFO [ZooKeeperClient Kafka server] Connected. (kafka.zookeeper.ZooKeeperClient)
[2019-11-23 14:14:56,994] INFO Cluster ID = I1VGWclHSHG9BZj5MVTNNA (kafka.server.KafkaServer)
[2019-11-23 14:14:57,508] INFO KafkaConfig values: 
	advertised.host.name = localhost
	advertised.listeners = null
	advertised.port = 9092
	alter.config.policy.class.name = null
	alter.log.dirs.replication.quota.window.num = 11
	alter.log.dirs.replication.quota.window.size.seconds = 1
	authorizer.class.name = 
	auto.create.topics.enable = true
	auto.leader.rebalance.enable = true
	background.threads = 10
	broker.id = -1
	broker.id.generation.enable = true
	broker.rack = null
	client.quota.callback.class = null
	compression.type = producer
	connection.failed.authentication.delay.ms = 100
	connections.max.idle.ms = 600000
	connections.max.reauth.ms = 0
	control.plane.listener.name = null
	controlled.shutdown.enable = true
	controlled.shutdown.max.retries = 3
	controlled.shutdown.retry.backoff.ms = 5000
	controller.socket.timeout.ms = 30000
	create.topic.policy.class.name = null
	default.replication.factor = 1
	delegation.token.expiry.check.interval.ms = 3600000
	delegation.token.expiry.time.ms = 86400000
	delegation.token.master.key = null
	delegation.token.max.lifetime.ms = 604800000
	delete.records.purgatory.purge.interval.requests = 1
	delete.topic.enable = true
	fetch.purgatory.purge.interval.requests = 1000
	group.initial.rebalance.delay.ms = 0
	group.max.session.timeout.ms = 1800000
	group.max.size = 2147483647
	group.min.session.timeout.ms = 6000
	host.name = 
	inter.broker.listener.name = null
	inter.broker.protocol.version = 2.3-IV1
	kafka.metrics.polling.interval.secs = 10
	kafka.metrics.reporters = []
	leader.imbalance.check.interval.seconds = 300
	leader.imbalance.per.broker.percentage = 10
	listener.security.protocol.map = PLAINTEXT:PLAINTEXT,SSL:SSL,SASL_PLAINTEXT:SASL_PLAINTEXT,SASL_SSL:SASL_SSL
	listeners = null
	log.cleaner.backoff.ms = 15000
	log.cleaner.dedupe.buffer.size = 134217728
	log.cleaner.delete.retention.ms = 86400000
	log.cleaner.enable = true
	log.cleaner.io.buffer.load.factor = 0.9
	log.cleaner.io.buffer.size = 524288
	log.cleaner.io.max.bytes.per.second = 1.7976931348623157E308
	log.cleaner.max.compaction.lag.ms = 9223372036854775807
	log.cleaner.min.cleanable.ratio = 0.5
	log.cleaner.min.compaction.lag.ms = 0
	log.cleaner.threads = 1
	log.cleanup.policy = [delete]
	log.dir = /tmp/kafka-logs
	log.dirs = /kafka/kafka-logs-260babd4cc51
	log.flush.interval.messages = 9223372036854775807
	log.flush.interval.ms = null
	log.flush.offset.checkpoint.interval.ms = 60000
	log.flush.scheduler.interval.ms = 9223372036854775807
	log.flush.start.offset.checkpoint.interval.ms = 60000
	log.index.interval.bytes = 4096
	log.index.size.max.bytes = 10485760
	log.message.downconversion.enable = true
	log.message.format.version = 2.3-IV1
	log.message.timestamp.difference.max.ms = 9223372036854775807
	log.message.timestamp.type = CreateTime
	log.preallocate = false
	log.retention.bytes = -1
	log.retention.check.interval.ms = 300000
	log.retention.hours = 168
	log.retention.minutes = null
	log.retention.ms = null
	log.roll.hours = 168
	log.roll.jitter.hours = 0
	log.roll.jitter.ms = null
	log.roll.ms = null
	log.segment.bytes = 1073741824
	log.segment.delete.delay.ms = 60000
	max.connections = 2147483647
	max.connections.per.ip = 2147483647
	max.connections.per.ip.overrides = 
	max.incremental.fetch.session.cache.slots = 1000
	message.max.bytes = 1000012
	metric.reporters = []
	metrics.num.samples = 2
	metrics.recording.level = INFO
	metrics.sample.window.ms = 30000
	min.insync.replicas = 1
	num.io.threads = 8
	num.network.threads = 3
	num.partitions = 1
	num.recovery.threads.per.data.dir = 1
	num.replica.alter.log.dirs.threads = null
	num.replica.fetchers = 1
	offset.metadata.max.bytes = 4096
	offsets.commit.required.acks = -1
	offsets.commit.timeout.ms = 5000
	offsets.load.buffer.size = 5242880
	offsets.retention.check.interval.ms = 600000
	offsets.retention.minutes = 10080
	offsets.topic.compression.codec = 0
	offsets.topic.num.partitions = 50
	offsets.topic.replication.factor = 1
	offsets.topic.segment.bytes = 104857600
	password.encoder.cipher.algorithm = AES/CBC/PKCS5Padding
	password.encoder.iterations = 4096
	password.encoder.key.length = 128
	password.encoder.keyfactory.algorithm = null
	password.encoder.old.secret = null
	password.encoder.secret = null
	port = 9092
	principal.builder.class = null
	producer.purgatory.purge.interval.requests = 1000
	queued.max.request.bytes = -1
	queued.max.requests = 500
	quota.consumer.default = 9223372036854775807
	quota.producer.default = 9223372036854775807
	quota.window.num = 11
	quota.window.size.seconds = 1
	replica.fetch.backoff.ms = 1000
	replica.fetch.max.bytes = 1048576
	replica.fetch.min.bytes = 1
	replica.fetch.response.max.bytes = 10485760
	replica.fetch.wait.max.ms = 500
	replica.high.watermark.checkpoint.interval.ms = 5000
	replica.lag.time.max.ms = 10000
	replica.socket.receive.buffer.bytes = 65536
	replica.socket.timeout.ms = 30000
	replication.quota.window.num = 11
	replication.quota.window.size.seconds = 1
	request.timeout.ms = 30000
	reserved.broker.max.id = 1000
	sasl.client.callback.handler.class = null
	sasl.enabled.mechanisms = [GSSAPI]
	sasl.jaas.config = null
	sasl.kerberos.kinit.cmd = /usr/bin/kinit
	sasl.kerberos.min.time.before.relogin = 60000
	sasl.kerberos.principal.to.local.rules = [DEFAULT]
	sasl.kerberos.service.name = null
	sasl.kerberos.ticket.renew.jitter = 0.05
	sasl.kerberos.ticket.renew.window.factor = 0.8
	sasl.login.callback.handler.class = null
	sasl.login.class = null
	sasl.login.refresh.buffer.seconds = 300
	sasl.login.refresh.min.period.seconds = 60
	sasl.login.refresh.window.factor = 0.8
	sasl.login.refresh.window.jitter = 0.05
	sasl.mechanism.inter.broker.protocol = GSSAPI
	sasl.server.callback.handler.class = null
	security.inter.broker.protocol = PLAINTEXT
	socket.receive.buffer.bytes = 102400
	socket.request.max.bytes = 104857600
	socket.send.buffer.bytes = 102400
	ssl.cipher.suites = []
	ssl.client.auth = none
	ssl.enabled.protocols = [TLSv1.2, TLSv1.1, TLSv1]
	ssl.endpoint.identification.algorithm = https
	ssl.key.password = null
	ssl.keymanager.algorithm = SunX509
	ssl.keystore.location = null
	ssl.keystore.password = null
	ssl.keystore.type = JKS
	ssl.principal.mapping.rules = [DEFAULT]
	ssl.protocol = TLS
	ssl.provider = null
	ssl.secure.random.implementation = null
	ssl.trustmanager.algorithm = PKIX
	ssl.truststore.location = null
	ssl.truststore.password = null
	ssl.truststore.type = JKS
	transaction.abort.timed.out.transaction.cleanup.interval.ms = 60000
	transaction.max.timeout.ms = 900000
	transaction.remove.expired.transaction.cleanup.interval.ms = 3600000
	transaction.state.log.load.buffer.size = 5242880
	transaction.state.log.min.isr = 1
	transaction.state.log.num.partitions = 50
	transaction.state.log.replication.factor = 1
	transaction.state.log.segment.bytes = 104857600
	transactional.id.expiration.ms = 604800000
	unclean.leader.election.enable = false
	zookeeper.connect = zookeeper:2181
	zookeeper.connection.timeout.ms = 6000
	zookeeper.max.in.flight.requests = 10
	zookeeper.session.timeout.ms = 6000
	zookeeper.set.acl = false
	zookeeper.sync.time.ms = 2000
 (kafka.server.KafkaConfig)
[2019-11-23 14:14:57,581] INFO KafkaConfig values: 
	advertised.host.name = localhost
	advertised.listeners = null
	advertised.port = 9092
	alter.config.policy.class.name = null
	alter.log.dirs.replication.quota.window.num = 11
	alter.log.dirs.replication.quota.window.size.seconds = 1
	authorizer.class.name = 
	auto.create.topics.enable = true
	auto.leader.rebalance.enable = true
	background.threads = 10
	broker.id = -1
	broker.id.generation.enable = true
	broker.rack = null
	client.quota.callback.class = null
	compression.type = producer
	connection.failed.authentication.delay.ms = 100
	connections.max.idle.ms = 600000
	connections.max.reauth.ms = 0
	control.plane.listener.name = null
	controlled.shutdown.enable = true
	controlled.shutdown.max.retries = 3
	controlled.shutdown.retry.backoff.ms = 5000
	controller.socket.timeout.ms = 30000
	create.topic.policy.class.name = null
	default.replication.factor = 1
	delegation.token.expiry.check.interval.ms = 3600000
	delegation.token.expiry.time.ms = 86400000
	delegation.token.master.key = null
	delegation.token.max.lifetime.ms = 604800000
	delete.records.purgatory.purge.interval.requests = 1
	delete.topic.enable = true
	fetch.purgatory.purge.interval.requests = 1000
	group.initial.rebalance.delay.ms = 0
	group.max.session.timeout.ms = 1800000
	group.max.size = 2147483647
	group.min.session.timeout.ms = 6000
	host.name = 
	inter.broker.listener.name = null
	inter.broker.protocol.version = 2.3-IV1
	kafka.metrics.polling.interval.secs = 10
	kafka.metrics.reporters = []
	leader.imbalance.check.interval.seconds = 300
	leader.imbalance.per.broker.percentage = 10
	listener.security.protocol.map = PLAINTEXT:PLAINTEXT,SSL:SSL,SASL_PLAINTEXT:SASL_PLAINTEXT,SASL_SSL:SASL_SSL
	listeners = null
	log.cleaner.backoff.ms = 15000
	log.cleaner.dedupe.buffer.size = 134217728
	log.cleaner.delete.retention.ms = 86400000
	log.cleaner.enable = true
	log.cleaner.io.buffer.load.factor = 0.9
	log.cleaner.io.buffer.size = 524288
	log.cleaner.io.max.bytes.per.second = 1.7976931348623157E308
	log.cleaner.max.compaction.lag.ms = 9223372036854775807
	log.cleaner.min.cleanable.ratio = 0.5
	log.cleaner.min.compaction.lag.ms = 0
	log.cleaner.threads = 1
	log.cleanup.policy = [delete]
	log.dir = /tmp/kafka-logs
	log.dirs = /kafka/kafka-logs-260babd4cc51
	log.flush.interval.messages = 9223372036854775807
	log.flush.interval.ms = null
	log.flush.offset.checkpoint.interval.ms = 60000
	log.flush.scheduler.interval.ms = 9223372036854775807
	log.flush.start.offset.checkpoint.interval.ms = 60000
	log.index.interval.bytes = 4096
	log.index.size.max.bytes = 10485760
	log.message.downconversion.enable = true
	log.message.format.version = 2.3-IV1
	log.message.timestamp.difference.max.ms = 9223372036854775807
	log.message.timestamp.type = CreateTime
	log.preallocate = false
	log.retention.bytes = -1
	log.retention.check.interval.ms = 300000
	log.retention.hours = 168
	log.retention.minutes = null
	log.retention.ms = null
	log.roll.hours = 168
	log.roll.jitter.hours = 0
	log.roll.jitter.ms = null
	log.roll.ms = null
	log.segment.bytes = 1073741824
	log.segment.delete.delay.ms = 60000
	max.connections = 2147483647
	max.connections.per.ip = 2147483647
	max.connections.per.ip.overrides = 
	max.incremental.fetch.session.cache.slots = 1000
	message.max.bytes = 1000012
	metric.reporters = []
	metrics.num.samples = 2
	metrics.recording.level = INFO
	metrics.sample.window.ms = 30000
	min.insync.replicas = 1
	num.io.threads = 8
	num.network.threads = 3
	num.partitions = 1
	num.recovery.threads.per.data.dir = 1
	num.replica.alter.log.dirs.threads = null
	num.replica.fetchers = 1
	offset.metadata.max.bytes = 4096
	offsets.commit.required.acks = -1
	offsets.commit.timeout.ms = 5000
	offsets.load.buffer.size = 5242880
	offsets.retention.check.interval.ms = 600000
	offsets.retention.minutes = 10080
	offsets.topic.compression.codec = 0
	offsets.topic.num.partitions = 50
	offsets.topic.replication.factor = 1
	offsets.topic.segment.bytes = 104857600
	password.encoder.cipher.algorithm = AES/CBC/PKCS5Padding
	password.encoder.iterations = 4096
	password.encoder.key.length = 128
	password.encoder.keyfactory.algorithm = null
	password.encoder.old.secret = null
	password.encoder.secret = null
	port = 9092
	principal.builder.class = null
	producer.purgatory.purge.interval.requests = 1000
	queued.max.request.bytes = -1
	queued.max.requests = 500
	quota.consumer.default = 9223372036854775807
	quota.producer.default = 9223372036854775807
	quota.window.num = 11
	quota.window.size.seconds = 1
	replica.fetch.backoff.ms = 1000
	replica.fetch.max.bytes = 1048576
	replica.fetch.min.bytes = 1
	replica.fetch.response.max.bytes = 10485760
	replica.fetch.wait.max.ms = 500
	replica.high.watermark.checkpoint.interval.ms = 5000
	replica.lag.time.max.ms = 10000
	replica.socket.receive.buffer.bytes = 65536
	replica.socket.timeout.ms = 30000
	replication.quota.window.num = 11
	replication.quota.window.size.seconds = 1
	request.timeout.ms = 30000
	reserved.broker.max.id = 1000
	sasl.client.callback.handler.class = null
	sasl.enabled.mechanisms = [GSSAPI]
	sasl.jaas.config = null
	sasl.kerberos.kinit.cmd = /usr/bin/kinit
	sasl.kerberos.min.time.before.relogin = 60000
	sasl.kerberos.principal.to.local.rules = [DEFAULT]
	sasl.kerberos.service.name = null
	sasl.kerberos.ticket.renew.jitter = 0.05
	sasl.kerberos.ticket.renew.window.factor = 0.8
	sasl.login.callback.handler.class = null
	sasl.login.class = null
	sasl.login.refresh.buffer.seconds = 300
	sasl.login.refresh.min.period.seconds = 60
	sasl.login.refresh.window.factor = 0.8
	sasl.login.refresh.window.jitter = 0.05
	sasl.mechanism.inter.broker.protocol = GSSAPI
	sasl.server.callback.handler.class = null
	security.inter.broker.protocol = PLAINTEXT
	socket.receive.buffer.bytes = 102400
	socket.request.max.bytes = 104857600
	socket.send.buffer.bytes = 102400
	ssl.cipher.suites = []
	ssl.client.auth = none
	ssl.enabled.protocols = [TLSv1.2, TLSv1.1, TLSv1]
	ssl.endpoint.identification.algorithm = https
	ssl.key.password = null
	ssl.keymanager.algorithm = SunX509
	ssl.keystore.location = null
	ssl.keystore.password = null
	ssl.keystore.type = JKS
	ssl.principal.mapping.rules = [DEFAULT]
	ssl.protocol = TLS
	ssl.provider = null
	ssl.secure.random.implementation = null
	ssl.trustmanager.algorithm = PKIX
	ssl.truststore.location = null
	ssl.truststore.password = null
	ssl.truststore.type = JKS
	transaction.abort.timed.out.transaction.cleanup.interval.ms = 60000
	transaction.max.timeout.ms = 900000
	transaction.remove.expired.transaction.cleanup.interval.ms = 3600000
	transaction.state.log.load.buffer.size = 5242880
	transaction.state.log.min.isr = 1
	transaction.state.log.num.partitions = 50
	transaction.state.log.replication.factor = 1
	transaction.state.log.segment.bytes = 104857600
	transactional.id.expiration.ms = 604800000
	unclean.leader.election.enable = false
	zookeeper.connect = zookeeper:2181
	zookeeper.connection.timeout.ms = 6000
	zookeeper.max.in.flight.requests = 10
	zookeeper.session.timeout.ms = 6000
	zookeeper.set.acl = false
	zookeeper.sync.time.ms = 2000
 (kafka.server.KafkaConfig)
[2019-11-23 14:14:58,247] INFO [ThrottledChannelReaper-Fetch]: Starting (kafka.server.ClientQuotaManager$ThrottledChannelReaper)
[2019-11-23 14:14:58,252] INFO [ThrottledChannelReaper-Request]: Starting (kafka.server.ClientQuotaManager$ThrottledChannelReaper)
[2019-11-23 14:14:58,255] INFO [ThrottledChannelReaper-Produce]: Starting (kafka.server.ClientQuotaManager$ThrottledChannelReaper)
[2019-11-23 14:14:58,774] INFO Loading logs. (kafka.log.LogManager)
[2019-11-23 14:14:58,801] INFO Logs loading complete in 27 ms. (kafka.log.LogManager)
[2019-11-23 14:14:59,075] INFO Starting log cleanup with a period of 300000 ms. (kafka.log.LogManager)
[2019-11-23 14:14:59,087] INFO Starting log flusher with a default period of 9223372036854775807 ms. (kafka.log.LogManager)
[2019-11-23 14:15:01,502] INFO Awaiting socket connections on 0.0.0.0:9092. (kafka.network.Acceptor)
[2019-11-23 14:15:01,574] INFO [SocketServer brokerId=1002] Created data-plane acceptor and processors for endpoint : EndPoint(null,9092,ListenerName(PLAINTEXT),PLAINTEXT) (kafka.network.SocketServer)
[2019-11-23 14:15:01,577] INFO [SocketServer brokerId=1002] Started 1 acceptor threads for data-plane (kafka.network.SocketServer)
[2019-11-23 14:15:01,782] INFO [ExpirationReaper-1002-Produce]: Starting (kafka.server.DelayedOperationPurgatory$ExpiredOperationReaper)
[2019-11-23 14:15:01,784] INFO [ExpirationReaper-1002-Fetch]: Starting (kafka.server.DelayedOperationPurgatory$ExpiredOperationReaper)
[2019-11-23 14:15:01,785] INFO [ExpirationReaper-1002-DeleteRecords]: Starting (kafka.server.DelayedOperationPurgatory$ExpiredOperationReaper)
[2019-11-23 14:15:01,786] INFO [ExpirationReaper-1002-ElectPreferredLeader]: Starting (kafka.server.DelayedOperationPurgatory$ExpiredOperationReaper)
[2019-11-23 14:15:01,831] INFO [LogDirFailureHandler]: Starting (kafka.server.ReplicaManager$LogDirFailureHandler)
[2019-11-23 14:15:02,010] INFO Creating /brokers/ids/1002 (is it secure? false) (kafka.zk.KafkaZkClient)
[2019-11-23 14:15:02,230] INFO Stat of the created znode at /brokers/ids/1002 is: 306,306,1574518502165,1574518502165,1,0,0,72059977222062080,188,0,306
 (kafka.zk.KafkaZkClient)
[2019-11-23 14:15:02,233] INFO Registered broker 1002 at path /brokers/ids/1002 with addresses: ArrayBuffer(EndPoint(localhost,9092,ListenerName(PLAINTEXT),PLAINTEXT)), czxid (broker epoch): 306 (kafka.zk.KafkaZkClient)
[2019-11-23 14:15:02,561] INFO [ExpirationReaper-1002-topic]: Starting (kafka.server.DelayedOperationPurgatory$ExpiredOperationReaper)
[2019-11-23 14:15:02,625] INFO [ExpirationReaper-1002-Rebalance]: Starting (kafka.server.DelayedOperationPurgatory$ExpiredOperationReaper)
[2019-11-23 14:15:02,629] INFO [ExpirationReaper-1002-Heartbeat]: Starting (kafka.server.DelayedOperationPurgatory$ExpiredOperationReaper)
[2019-11-23 14:15:02,781] INFO [GroupCoordinator 1002]: Starting up. (kafka.coordinator.group.GroupCoordinator)
[2019-11-23 14:15:02,783] INFO [GroupCoordinator 1002]: Startup complete. (kafka.coordinator.group.GroupCoordinator)
[2019-11-23 14:15:02,867] INFO [GroupMetadataManager brokerId=1002] Removed 0 expired offsets in 79 milliseconds. (kafka.coordinator.group.GroupMetadataManager)
[2019-11-23 14:15:02,920] INFO [ProducerId Manager 1002]: Acquired new producerId block (brokerId:1002,blockStartProducerId:6000,blockEndProducerId:6999) by writing to Zk with path version 7 (kafka.coordinator.transaction.ProducerIdManager)
[2019-11-23 14:15:03,077] INFO [TransactionCoordinator id=1002] Starting up. (kafka.coordinator.transaction.TransactionCoordinator)
[2019-11-23 14:15:03,086] INFO [TransactionCoordinator id=1002] Startup complete. (kafka.coordinator.transaction.TransactionCoordinator)
[2019-11-23 14:15:03,098] INFO [Transaction Marker Channel Manager 1002]: Starting (kafka.coordinator.transaction.TransactionMarkerChannelManager)
[2019-11-23 14:15:03,271] INFO [/config/changes-event-process-thread]: Starting (kafka.common.ZkNodeChangeNotificationListener$ChangeEventProcessThread)
[2019-11-23 14:15:03,419] INFO [SocketServer brokerId=1002] Started data-plane processors for 1 acceptors (kafka.network.SocketServer)
[2019-11-23 14:15:03,459] INFO Kafka version: 2.3.0 (org.apache.kafka.common.utils.AppInfoParser)
[2019-11-23 14:15:03,462] INFO Kafka commitId: fc1aaa116b661c8a (org.apache.kafka.common.utils.AppInfoParser)
[2019-11-23 14:15:03,463] INFO Kafka startTimeMs: 1574518503421 (org.apache.kafka.common.utils.AppInfoParser)
[2019-11-23 14:15:03,467] INFO [KafkaServer id=1002] started (kafka.server.KafkaServer)
[2019-11-23 14:18:03,816] INFO Terminating process due to signal SIGTERM (org.apache.kafka.common.utils.LoggingSignalHandler)
[2019-11-23 14:18:03,956] INFO [KafkaServer id=1002] shutting down (kafka.server.KafkaServer)
[2019-11-23 14:18:04,129] INFO [KafkaServer id=1002] Starting controlled shutdown (kafka.server.KafkaServer)
[2019-11-23 14:18:04,927] INFO [KafkaServer id=1002] Controlled shutdown succeeded (kafka.server.KafkaServer)
[2019-11-23 14:18:04,964] INFO [/config/changes-event-process-thread]: Shutting down (kafka.common.ZkNodeChangeNotificationListener$ChangeEventProcessThread)
[2019-11-23 14:18:04,965] INFO [/config/changes-event-process-thread]: Stopped (kafka.common.ZkNodeChangeNotificationListener$ChangeEventProcessThread)
[2019-11-23 14:18:04,966] INFO [/config/changes-event-process-thread]: Shutdown completed (kafka.common.ZkNodeChangeNotificationListener$ChangeEventProcessThread)
[2019-11-23 14:18:04,967] INFO [SocketServer brokerId=1002] Stopping socket server request processors (kafka.network.SocketServer)
[2019-11-23 14:18:04,985] INFO [SocketServer brokerId=1002] Stopped socket server request processors (kafka.network.SocketServer)
[2019-11-23 14:18:04,991] INFO [data-plane Kafka Request Handler on Broker 1002], shutting down (kafka.server.KafkaRequestHandlerPool)
[2019-11-23 14:18:04,997] INFO [data-plane Kafka Request Handler on Broker 1002], shut down completely (kafka.server.KafkaRequestHandlerPool)
[2019-11-23 14:18:05,002] INFO [KafkaApi-1002] Shutdown complete. (kafka.server.KafkaApis)
[2019-11-23 14:18:05,004] INFO [ExpirationReaper-1002-topic]: Shutting down (kafka.server.DelayedOperationPurgatory$ExpiredOperationReaper)
[2019-11-23 14:18:05,049] INFO [ExpirationReaper-1002-topic]: Stopped (kafka.server.DelayedOperationPurgatory$ExpiredOperationReaper)
[2019-11-23 14:18:05,050] INFO [ExpirationReaper-1002-topic]: Shutdown completed (kafka.server.DelayedOperationPurgatory$ExpiredOperationReaper)
[2019-11-23 14:18:05,056] INFO [TransactionCoordinator id=1002] Shutting down. (kafka.coordinator.transaction.TransactionCoordinator)
[2019-11-23 14:18:05,059] INFO [ProducerId Manager 1002]: Shutdown complete: last producerId assigned 6000 (kafka.coordinator.transaction.ProducerIdManager)
[2019-11-23 14:18:05,061] INFO [Transaction State Manager 1002]: Shutdown complete (kafka.coordinator.transaction.TransactionStateManager)
[2019-11-23 14:18:05,062] INFO [Transaction Marker Channel Manager 1002]: Shutting down (kafka.coordinator.transaction.TransactionMarkerChannelManager)
[2019-11-23 14:18:05,064] INFO [Transaction Marker Channel Manager 1002]: Stopped (kafka.coordinator.transaction.TransactionMarkerChannelManager)
[2019-11-23 14:18:05,064] INFO [Transaction Marker Channel Manager 1002]: Shutdown completed (kafka.coordinator.transaction.TransactionMarkerChannelManager)
[2019-11-23 14:18:05,066] INFO [TransactionCoordinator id=1002] Shutdown complete. (kafka.coordinator.transaction.TransactionCoordinator)
[2019-11-23 14:18:05,067] INFO [GroupCoordinator 1002]: Shutting down. (kafka.coordinator.group.GroupCoordinator)
[2019-11-23 14:18:05,068] INFO [ExpirationReaper-1002-Heartbeat]: Shutting down (kafka.server.DelayedOperationPurgatory$ExpiredOperationReaper)
[2019-11-23 14:18:05,244] INFO [ExpirationReaper-1002-Heartbeat]: Stopped (kafka.server.DelayedOperationPurgatory$ExpiredOperationReaper)
[2019-11-23 14:18:05,245] INFO [ExpirationReaper-1002-Heartbeat]: Shutdown completed (kafka.server.DelayedOperationPurgatory$ExpiredOperationReaper)
[2019-11-23 14:18:05,905] INFO [ExpirationReaper-1002-Rebalance]: Shutting down (kafka.server.DelayedOperationPurgatory$ExpiredOperationReaper)
[2019-11-23 14:18:06,045] INFO [ExpirationReaper-1002-Rebalance]: Shutdown completed (kafka.server.DelayedOperationPurgatory$ExpiredOperationReaper)
[2019-11-23 14:18:06,045] INFO [ExpirationReaper-1002-Rebalance]: Stopped (kafka.server.DelayedOperationPurgatory$ExpiredOperationReaper)
[2019-11-23 14:18:06,047] INFO [GroupCoordinator 1002]: Shutdown complete. (kafka.coordinator.group.GroupCoordinator)
[2019-11-23 14:18:06,051] INFO [ReplicaManager broker=1002] Shutting down (kafka.server.ReplicaManager)
[2019-11-23 14:18:06,052] INFO [LogDirFailureHandler]: Shutting down (kafka.server.ReplicaManager$LogDirFailureHandler)
[2019-11-23 14:18:06,053] INFO [LogDirFailureHandler]: Stopped (kafka.server.ReplicaManager$LogDirFailureHandler)
[2019-11-23 14:18:06,054] INFO [LogDirFailureHandler]: Shutdown completed (kafka.server.ReplicaManager$LogDirFailureHandler)
[2019-11-23 14:18:06,056] INFO [ReplicaFetcherManager on broker 1002] shutting down (kafka.server.ReplicaFetcherManager)
[2019-11-23 14:18:06,063] INFO [ReplicaFetcherManager on broker 1002] shutdown completed (kafka.server.ReplicaFetcherManager)
[2019-11-23 14:18:06,065] INFO [ReplicaAlterLogDirsManager on broker 1002] shutting down (kafka.server.ReplicaAlterLogDirsManager)
[2019-11-23 14:18:06,068] INFO [ReplicaAlterLogDirsManager on broker 1002] shutdown completed (kafka.server.ReplicaAlterLogDirsManager)
[2019-11-23 14:18:06,068] INFO [ExpirationReaper-1002-Fetch]: Shutting down (kafka.server.DelayedOperationPurgatory$ExpiredOperationReaper)
[2019-11-23 14:18:06,247] INFO [ExpirationReaper-1002-Fetch]: Stopped (kafka.server.DelayedOperationPurgatory$ExpiredOperationReaper)
[2019-11-23 14:18:06,247] INFO [ExpirationReaper-1002-Fetch]: Shutdown completed (kafka.server.DelayedOperationPurgatory$ExpiredOperationReaper)
[2019-11-23 14:18:06,248] INFO [ExpirationReaper-1002-Produce]: Shutting down (kafka.server.DelayedOperationPurgatory$ExpiredOperationReaper)
[2019-11-23 14:18:06,252] INFO [ExpirationReaper-1002-Produce]: Stopped (kafka.server.DelayedOperationPurgatory$ExpiredOperationReaper)
[2019-11-23 14:18:06,252] INFO [ExpirationReaper-1002-Produce]: Shutdown completed (kafka.server.DelayedOperationPurgatory$ExpiredOperationReaper)
[2019-11-23 14:18:06,253] INFO [ExpirationReaper-1002-DeleteRecords]: Shutting down (kafka.server.DelayedOperationPurgatory$ExpiredOperationReaper)
[2019-11-23 14:18:06,445] INFO [ExpirationReaper-1002-DeleteRecords]: Shutdown completed (kafka.server.DelayedOperationPurgatory$ExpiredOperationReaper)
[2019-11-23 14:18:06,445] INFO [ExpirationReaper-1002-DeleteRecords]: Stopped (kafka.server.DelayedOperationPurgatory$ExpiredOperationReaper)
[2019-11-23 14:18:06,446] INFO [ExpirationReaper-1002-ElectPreferredLeader]: Shutting down (kafka.server.DelayedOperationPurgatory$ExpiredOperationReaper)
[2019-11-23 14:18:06,646] INFO [ExpirationReaper-1002-ElectPreferredLeader]: Shutdown completed (kafka.server.DelayedOperationPurgatory$ExpiredOperationReaper)
[2019-11-23 14:18:06,646] INFO [ExpirationReaper-1002-ElectPreferredLeader]: Stopped (kafka.server.DelayedOperationPurgatory$ExpiredOperationReaper)
[2019-11-23 14:18:07,766] INFO [ReplicaManager broker=1002] Shut down completely (kafka.server.ReplicaManager)
[2019-11-23 14:18:07,769] INFO Shutting down. (kafka.log.LogManager)
[2019-11-23 14:18:08,274] INFO Shutdown complete. (kafka.log.LogManager)
[2019-11-23 14:18:08,521] INFO [ZooKeeperClient Kafka server] Closing. (kafka.zookeeper.ZooKeeperClient)
[2019-11-23 14:18:10,547] INFO Session: 0x100022ae0d80000 closed (org.apache.zookeeper.ZooKeeper)
[2019-11-23 14:18:10,547] INFO EventThread shut down for session: 0x100022ae0d80000 (org.apache.zookeeper.ClientCnxn)
[2019-11-23 14:18:10,568] INFO [ZooKeeperClient Kafka server] Closed. (kafka.zookeeper.ZooKeeperClient)
[2019-11-23 14:18:10,572] INFO [ThrottledChannelReaper-Fetch]: Shutting down (kafka.server.ClientQuotaManager$ThrottledChannelReaper)
[2019-11-23 14:18:11,312] INFO [ThrottledChannelReaper-Fetch]: Stopped (kafka.server.ClientQuotaManager$ThrottledChannelReaper)
[2019-11-23 14:18:11,312] INFO [ThrottledChannelReaper-Fetch]: Shutdown completed (kafka.server.ClientQuotaManager$ThrottledChannelReaper)
[2019-11-23 14:18:11,315] INFO [ThrottledChannelReaper-Produce]: Shutting down (kafka.server.ClientQuotaManager$ThrottledChannelReaper)
[2019-11-23 14:18:12,291] INFO [ThrottledChannelReaper-Produce]: Stopped (kafka.server.ClientQuotaManager$ThrottledChannelReaper)
[2019-11-23 14:18:12,291] INFO [ThrottledChannelReaper-Produce]: Shutdown completed (kafka.server.ClientQuotaManager$ThrottledChannelReaper)
[2019-11-23 14:18:12,292] INFO [ThrottledChannelReaper-Request]: Shutting down (kafka.server.ClientQuotaManager$ThrottledChannelReaper)
[2019-11-23 14:18:12,298] INFO [ThrottledChannelReaper-Request]: Stopped (kafka.server.ClientQuotaManager$ThrottledChannelReaper)
[2019-11-23 14:18:12,298] INFO [ThrottledChannelReaper-Request]: Shutdown completed (kafka.server.ClientQuotaManager$ThrottledChannelReaper)
[2019-11-23 14:18:12,304] INFO [SocketServer brokerId=1002] Shutting down socket server (kafka.network.SocketServer)
[2019-11-23 14:18:12,411] INFO [SocketServer brokerId=1002] Shutdown completed (kafka.network.SocketServer)
[2019-11-23 14:18:12,415] INFO [KafkaServer id=1002] shut down completed (kafka.server.KafkaServer)
